<?xml version="1.0" encoding="UTF-8"?>
<!-- Generated by org.testng.reporters.JUnitReportReporter -->
<testsuite hostname="Seenivasan" failures="0" tests="1" name="testcases1.TC_001_LoginPage" time="66.328" errors="0" timestamp="2024-12-23T13:52:12 IST" skipped="0">
  <testcase classname="testcases1.TC_001_LoginPage" name="login" time="66.328"/>
  <system-out/>
</testsuite> <!-- testcases1.TC_001_LoginPage -->
