<?xml version="1.0" encoding="UTF-8"?>
<!-- Generated by org.testng.reporters.JUnitReportReporter -->
<testsuite hostname="Seenivasan" failures="0" tests="1" name="testcases.TC_001_LoginPage" time="8.688" errors="0" timestamp="2024-12-23T18:42:10 IST" skipped="0">
  <testcase classname="testcases.TC_001_LoginPage" name="login" time="8.688"/>
  <system-out/>
</testsuite> <!-- testcases.TC_001_LoginPage -->
