<?xml version="1.0" encoding="UTF-8"?>
<!-- Generated by org.testng.reporters.JUnitReportReporter -->
<testsuite hostname="Seenivasan" failures="0" tests="1" name="testcases.TC_002_LogoutPage" time="8.556" errors="0" timestamp="2024-12-23T18:42:10 IST" skipped="0">
  <testcase classname="testcases.TC_002_LogoutPage" name="logOut" time="8.556"/>
  <system-out/>
</testsuite> <!-- testcases.TC_002_LogoutPage -->
