<?xml version="1.0" encoding="UTF-8"?>
<!-- Generated by org.testng.reporters.JUnitReportReporter -->
<testsuite hostname="Seenivasan" failures="0" tests="1" name="runner.TC_002_CreateAccount" time="18.027" errors="0" timestamp="2024-12-24T18:17:02 IST" skipped="0">
  <testcase classname="runner.TC_002_CreateAccount" name="createAccount" time="18.027"/>
  <system-out/>
</testsuite> <!-- runner.TC_002_CreateAccount -->
