<?xml version="1.0" encoding="UTF-8"?>
<!-- Generated by org.testng.reporters.JUnitReportReporter -->
<testsuite hostname="Seenivasan" failures="0" tests="1" name="runner.TC_001_CreateLead" time="16.611" errors="0" timestamp="2024-12-24T18:39:46 IST" skipped="0">
  <testcase classname="runner.TC_001_CreateLead" name="runCreateLead" time="16.611"/>
  <system-out/>
</testsuite> <!-- runner.TC_001_CreateLead -->
