<?xml version="1.0" encoding="UTF-8"?>
<!-- Generated by org.testng.reporters.JUnitReportReporter -->
<testsuite hostname="Seenivasan" failures="0" tests="2" name="runner.TC_003_CucumberRun" time="30.700" errors="0" timestamp="2024-12-24T18:40:41 IST" skipped="0">
  <testcase classname="runner.TC_003_CucumberRun" name="runScenario" time="11.824"/>
  <system-out/>
  <testcase classname="runner.TC_003_CucumberRun" name="runScenario" time="18.876"/>
  <system-out/>
</testsuite> <!-- runner.TC_003_CucumberRun -->
